<?xml version="1.0" encoding="UTF-8" ?>
<testsuites>
  <testsuite errors="0" failures="0" hostname="Sathishs-MacBook-Pro.local" id="0" name="OwnershipControllerSpec" package="com.squareprism.localreads" tests="12" time="1.823" timestamp="2014-09-17T10:50:53">
      <properties />

      <testcase classname="com.squareprism.localreads.OwnershipControllerSpec" name="create Ownerships from a Book Volume User One" time="0.129" />

      <testcase classname="com.squareprism.localreads.OwnershipControllerSpec" name="create Ownerships from a Book Volume User Two" time="0.107" />

      <testcase classname="com.squareprism.localreads.OwnershipControllerSpec" name="create many Ownerships from Book Volumes User One" time="0.222" />

      <testcase classname="com.squareprism.localreads.OwnershipControllerSpec" name="create many Ownerships from Book Volumes User Two" time="0.232" />

      <testcase classname="com.squareprism.localreads.OwnershipControllerSpec" name="add Ownerships to this user" time="0.109" />

      <testcase classname="com.squareprism.localreads.OwnershipControllerSpec" name="get the added Ownership belonging to this user" time="0.111" />

      <testcase classname="com.squareprism.localreads.OwnershipControllerSpec" name="list Ownerships belonging to user one" time="0.112" />

      <testcase classname="com.squareprism.localreads.OwnershipControllerSpec" name="search for Books with a query " time="0.117" />

      <testcase classname="com.squareprism.localreads.OwnershipControllerSpec" name="search for Books with another query " time="0.112" />

      <testcase classname="com.squareprism.localreads.OwnershipControllerSpec" name="search for a Book that wont match a query " time="0.107" />

      <testcase classname="com.squareprism.localreads.OwnershipControllerSpec" name="delete Ownerships belonging to this user" time="0.133" />

      <testcase classname="com.squareprism.localreads.OwnershipControllerSpec" name="list Ownerships belonging to this user after deletion of 1 ownership" time="0.115" />

      <system-out><![CDATA[--Output from create Ownerships from a Book Volume User One--
--Output from create Ownerships from a Book Volume User Two--
--Output from create many Ownerships from Book Volumes User One--
--Output from create many Ownerships from Book Volumes User Two--
--Output from add Ownerships to this user--
--Output from get the added Ownership belonging to this user--
--Output from list Ownerships belonging to user one--
--Output from search for Books with a query --
--Output from search for Books with another query --
--Output from search for a Book that wont match a query --
--Output from delete Ownerships belonging to this user--
--Output from list Ownerships belonging to this user after deletion of 1 ownership--
]]></system-out>

      <system-err><![CDATA[--Output from create Ownerships from a Book Volume User One--
--Output from create Ownerships from a Book Volume User Two--
--Output from create many Ownerships from Book Volumes User One--
--Output from create many Ownerships from Book Volumes User Two--
--Output from add Ownerships to this user--
--Output from get the added Ownership belonging to this user--
--Output from list Ownerships belonging to user one--
--Output from search for Books with a query --
--Output from search for Books with another query --
--Output from search for a Book that wont match a query --
--Output from delete Ownerships belonging to this user--
--Output from list Ownerships belonging to this user after deletion of 1 ownership--
]]></system-err>

  </testsuite>
</testsuites>
